<?xml version="1.0" encoding="UTF-8"?>
<!-- Generated by org.testng.reporters.JUnitReportReporter -->
<testsuite skipped="0" hostname="DOC-W-SHREYAS" name="testcases.Wipro" tests="1" failures="0" timestamp="11 Mar 2020 08:39:32 GMT" time="72.893" errors="0">
  <testcase name="loginpg" time="72.893" classname="testcases.Wipro"/>
</testsuite> <!-- testcases.Wipro -->
