<?xml version="1.0" encoding="UTF-8"?>
<!-- Generated by org.testng.reporters.JUnitReportReporter -->
<testsuite skipped="0" hostname="DOC-W-SHREYAS" name="testcases.Hccb" tests="1" failures="0" timestamp="11 Mar 2020 08:01:04 GMT" time="36.852" errors="0">
  <testcase name="loginpg" time="36.852" classname="testcases.Hccb"/>
</testsuite> <!-- testcases.Hccb -->
