<?xml version="1.0" encoding="UTF-8"?>
<!-- Generated by org.testng.reporters.JUnitReportReporter -->
<testsuite skipped="0" hostname="DOC-W-SHREYAS" name="testcases.Sopra" tests="1" failures="0" timestamp="17 Mar 2020 12:28:07 GMT" time="3.325" errors="0">
  <testcase name="sopraLogin" time="3.325" classname="testcases.Sopra"/>
</testsuite> <!-- testcases.Sopra -->
