<?xml version="1.0" encoding="UTF-8"?>
<!-- Generated by org.testng.reporters.JUnitReportReporter -->
<testsuite skipped="0" hostname="DOC-W-SHREYAS" name="testcases.Monsanto" tests="1" failures="0" timestamp="20 Mar 2020 11:07:39 GMT" time="53.531" errors="0">
  <testcase name="monsanto" time="53.531" classname="testcases.Monsanto"/>
</testsuite> <!-- testcases.Monsanto -->
