<?xml version="1.0" encoding="UTF-8"?>
<!-- Generated by org.testng.reporters.JUnitReportReporter -->
<testsuite skipped="0" hostname="DOC-W-SHREYAS" name="testcases.ThreeM" tests="1" failures="0" timestamp="26 Mar 2020 10:27:53 GMT" time="53.731" errors="0">
  <testcase name="threem" time="53.731" classname="testcases.ThreeM"/>
</testsuite> <!-- testcases.ThreeM -->
