<?xml version="1.0" encoding="UTF-8"?>
<!-- Generated by org.testng.reporters.JUnitReportReporter -->
<testsuite skipped="0" hostname="DOC-W-SHREYAS" name="testcases.Ngsl" tests="1" failures="0" timestamp="20 Mar 2020 10:19:53 GMT" time="51.061" errors="0">
  <testcase name="ngsl" time="51.061" classname="testcases.Ngsl"/>
</testsuite> <!-- testcases.Ngsl -->
