<?xml version="1.0" encoding="UTF-8"?>
<!-- Generated by org.testng.reporters.JUnitReportReporter -->
<testsuite skipped="0" hostname="DOC-W-SHREYAS" name="testcases.Titan" tests="1" failures="0" timestamp="26 Mar 2020 12:25:42 GMT" time="50.922" errors="0">
  <testcase name="titan" time="50.922" classname="testcases.Titan"/>
</testsuite> <!-- testcases.Titan -->
