<?xml version="1.0" encoding="UTF-8"?>
<!-- Generated by org.testng.reporters.JUnitReportReporter -->
<testsuite skipped="0" hostname="DOC-W-SHREYAS" name="testcases.Vistara" tests="1" failures="0" timestamp="26 Mar 2020 13:36:34 GMT" time="57.209" errors="0">
  <testcase name="vistara" time="57.209" classname="testcases.Vistara"/>
</testsuite> <!-- testcases.Vistara -->
