<?xml version="1.0" encoding="UTF-8"?>
<!-- Generated by org.testng.reporters.JUnitReportReporter -->
<testsuite skipped="0" hostname="DOC-W-SHREYAS" name="testcases.Hccb" tests="1" failures="0" timestamp="19 Mar 2020 16:23:49 GMT" time="33.899" errors="0">
  <testcase name="loginpg" time="33.899" classname="testcases.Hccb"/>
</testsuite> <!-- testcases.Hccb -->
