<?xml version="1.0" encoding="UTF-8"?>
<!-- Generated by org.testng.reporters.JUnitReportReporter -->
<testsuite skipped="0" hostname="DOC-W-SHREYAS" name="testcases.UserLogin" tests="1" failures="0" timestamp="09 Mar 2020 07:23:35 GMT" time="33.886" errors="0">
  <testcase name="loginpg" time="33.886" classname="testcases.UserLogin"/>
</testsuite> <!-- testcases.UserLogin -->
