<?xml version="1.0" encoding="UTF-8"?>
<!-- Generated by org.testng.reporters.JUnitReportReporter -->
<testsuite skipped="0" hostname="DOC-W-SHREYAS" name="testcases.LmWind" tests="1" failures="0" timestamp="19 Mar 2020 16:23:49 GMT" time="14.991" errors="0">
  <testcase name="lmWind" time="14.991" classname="testcases.LmWind"/>
</testsuite> <!-- testcases.LmWind -->
