<?xml version="1.0" encoding="UTF-8"?>
<!-- Generated by org.testng.reporters.JUnitReportReporter -->
<testsuite skipped="0" hostname="DOC-W-SHREYAS" name="testcases.Lumunus" tests="1" failures="0" timestamp="26 Mar 2020 13:22:01 GMT" time="52.956" errors="0">
  <testcase name="lumunus" time="52.956" classname="testcases.Lumunus"/>
</testsuite> <!-- testcases.Lumunus -->
