<?xml version="1.0" encoding="UTF-8"?>
<!-- Generated by org.testng.reporters.JUnitReportReporter -->
<testsuite skipped="0" hostname="DOC-W-SHREYAS" name="testcases.Amadeus" tests="1" failures="0" timestamp="20 Mar 2020 12:39:05 GMT" time="52.928" errors="0">
  <testcase name="amadeus" time="52.928" classname="testcases.Amadeus"/>
</testsuite> <!-- testcases.Amadeus -->
