<?xml version="1.0" encoding="UTF-8"?>
<!-- Generated by org.testng.reporters.JUnitReportReporter -->
<testsuite skipped="0" hostname="DOC-W-SHREYAS" name="testcases.Pilkington" tests="1" failures="0" timestamp="26 Mar 2020 13:05:02 GMT" time="54.729" errors="0">
  <testcase name="pilkington" time="54.729" classname="testcases.Pilkington"/>
</testsuite> <!-- testcases.Pilkington -->
