<?xml version="1.0" encoding="UTF-8"?>
<!-- Generated by org.testng.reporters.JUnitReportReporter -->
<testsuite skipped="0" hostname="DOC-W-SHREYAS" name="oneMediTestcases.UserLogin" tests="1" failures="0" timestamp="12 Mar 2020 13:29:50 GMT" time="1.913" errors="0">
  <testcase name="testLogin" time="1.913" classname="oneMediTestcases.UserLogin"/>
</testsuite> <!-- oneMediTestcases.UserLogin -->
