<?xml version="1.0" encoding="UTF-8"?>
<!-- Generated by org.testng.reporters.JUnitReportReporter -->
<testsuite skipped="0" hostname="DOC-W-SHREYAS" name="testcases.Amadeus" tests="1" failures="0" timestamp="26 Mar 2020 06:17:01 GMT" time="49.256" errors="0">
  <testcase name="amadeus" time="49.256" classname="testcases.Amadeus"/>
</testsuite> <!-- testcases.Amadeus -->
