<?xml version="1.0" encoding="UTF-8"?>
<!-- Generated by org.testng.reporters.JUnitReportReporter -->
<testsuite skipped="0" hostname="DOC-W-SHREYAS" name="testcases.Adobe" tests="1" failures="0" timestamp="20 Mar 2020 13:21:53 GMT" time="73.044" errors="0">
  <testcase name="adobe" time="73.044" classname="testcases.Adobe"/>
</testsuite> <!-- testcases.Adobe -->
