<?xml version="1.0" encoding="UTF-8"?>
<!-- Generated by org.testng.reporters.JUnitReportReporter -->
<testsuite skipped="0" hostname="DOC-W-SHREYAS" name="testcases.Adobe" tests="1" failures="0" timestamp="26 Mar 2020 06:38:24 GMT" time="74.648" errors="0">
  <testcase name="adobe" time="74.648" classname="testcases.Adobe"/>
</testsuite> <!-- testcases.Adobe -->
