<?xml version="1.0" encoding="UTF-8"?>
<!-- Generated by org.testng.reporters.JUnitReportReporter -->
<testsuite skipped="0" hostname="DOC-W-SHREYAS" name="testcases.TechM" tests="1" failures="0" timestamp="26 Mar 2020 10:57:26 GMT" time="77.039" errors="0">
  <testcase name="techm" time="77.039" classname="testcases.TechM"/>
</testsuite> <!-- testcases.TechM -->
