<?xml version="1.0" encoding="UTF-8"?>
<!-- Generated by org.testng.reporters.JUnitReportReporter -->
<testsuite skipped="0" hostname="DOC-W-SHREYAS" name="testcases.Lnt" tests="1" failures="0" timestamp="26 Mar 2020 06:24:32 GMT" time="49.717" errors="0">
  <testcase name="lnt" time="49.717" classname="testcases.Lnt"/>
</testsuite> <!-- testcases.Lnt -->
