<?xml version="1.0" encoding="UTF-8"?>
<!-- Generated by org.testng.reporters.JUnitReportReporter -->
<testsuite skipped="0" hostname="DOC-W-SHREYAS" name="testcases.Lnt" tests="1" failures="0" timestamp="20 Mar 2020 13:04:18 GMT" time="52.841" errors="0">
  <testcase name="lnt" time="52.841" classname="testcases.Lnt"/>
</testsuite> <!-- testcases.Lnt -->
