<?xml version="1.0" encoding="UTF-8"?>
<!-- Generated by org.testng.reporters.JUnitReportReporter -->
<testsuite skipped="0" hostname="DOC-W-SHREYAS" name="testcases.AllState" tests="1" failures="0" timestamp="26 Mar 2020 12:11:58 GMT" time="48.730" errors="0">
  <testcase name="allstate" time="48.730" classname="testcases.AllState"/>
</testsuite> <!-- testcases.AllState -->
