<?xml version="1.0" encoding="UTF-8"?>
<!-- Generated by org.testng.reporters.JUnitReportReporter -->
<testsuite skipped="0" hostname="DOC-W-SHREYAS" name="testcases.Schneider" tests="1" failures="0" timestamp="16 Mar 2020 10:12:27 GMT" time="70.617" errors="0">
  <testcase name="loginpg" time="70.617" classname="testcases.Schneider"/>
</testsuite> <!-- testcases.Schneider -->
