<?xml version="1.0" encoding="UTF-8"?>
<!-- Generated by org.testng.reporters.JUnitReportReporter -->
<testsuite skipped="0" hostname="DOC-W-SHREYAS" name="testcases.InvestCorp" tests="1" failures="0" timestamp="20 Mar 2020 09:57:11 GMT" time="50.883" errors="0">
  <testcase name="investCorp" time="50.883" classname="testcases.InvestCorp"/>
</testsuite> <!-- testcases.InvestCorp -->
