<?xml version="1.0" encoding="UTF-8"?>
<!-- Generated by org.testng.reporters.JUnitReportReporter -->
<testsuite skipped="0" hostname="DOC-W-SHREYAS" name="testcases.Transafe" tests="1" failures="0" timestamp="20 Mar 2020 10:44:29 GMT" time="55.075" errors="0">
  <testcase name="transafe" time="55.075" classname="testcases.Transafe"/>
</testsuite> <!-- testcases.Transafe -->
