<?xml version="1.0" encoding="UTF-8"?>
<!-- Generated by org.testng.reporters.JUnitReportReporter -->
<testsuite skipped="0" hostname="DOC-W-SHREYAS" name="testcases.Sbi" tests="1" failures="0" timestamp="25 Mar 2020 17:43:47 GMT" time="49.075" errors="0">
  <testcase name="sbi" time="49.075" classname="testcases.Sbi"/>
</testsuite> <!-- testcases.Sbi -->
