<?xml version="1.0" encoding="UTF-8"?>
<!-- Generated by org.testng.reporters.JUnitReportReporter -->
<testsuite skipped="0" hostname="DOC-W-SHREYAS" name="testcases.Spic" tests="1" failures="0" timestamp="26 Mar 2020 11:20:34 GMT" time="53.347" errors="0">
  <testcase name="spic" time="53.347" classname="testcases.Spic"/>
</testsuite> <!-- testcases.Spic -->
