<?xml version="1.0" encoding="UTF-8"?>
<!-- Generated by org.testng.reporters.JUnitReportReporter -->
<testsuite skipped="0" hostname="DOC-W-SHREYAS" name="testcases.SbI" tests="1" failures="0" timestamp="20 Mar 2020 12:56:23 GMT" time="51.808" errors="0">
  <testcase name="sbi" time="51.808" classname="testcases.SbI"/>
</testsuite> <!-- testcases.SbI -->
