<?xml version="1.0" encoding="UTF-8"?>
<!-- Generated by org.testng.reporters.JUnitReportReporter -->
<testsuite skipped="0" hostname="DOC-W-SHREYAS" name="testcases.Schneider" tests="1" failures="0" timestamp="16 Mar 2020 07:15:39 GMT" time="61.124" errors="0">
  <testcase name="loginpg" time="61.124" classname="testcases.Schneider"/>
</testsuite> <!-- testcases.Schneider -->
