<?xml version="1.0" encoding="UTF-8"?>
<!-- Generated by org.testng.reporters.JUnitReportReporter -->
<testsuite skipped="0" hostname="DOC-W-SHREYAS" name="testcases.WnsGlobal" tests="1" failures="0" timestamp="26 Mar 2020 12:52:39 GMT" time="53.254" errors="0">
  <testcase name="wnsGlobal" time="53.254" classname="testcases.WnsGlobal"/>
</testsuite> <!-- testcases.WnsGlobal -->
