<?xml version="1.0" encoding="UTF-8"?>
<!-- Generated by org.testng.reporters.JUnitReportReporter -->
<testsuite skipped="0" hostname="DOC-W-SHREYAS" name="testcases.MicroChip" tests="1" failures="0" timestamp="26 Mar 2020 11:06:58 GMT" time="52.438" errors="0">
  <testcase name="microChip" time="52.438" classname="testcases.MicroChip"/>
</testsuite> <!-- testcases.MicroChip -->
