<?xml version="1.0" encoding="UTF-8"?>
<!-- Generated by org.testng.reporters.JUnitReportReporter -->
<testsuite skipped="0" hostname="DOC-W-SHREYAS" name="testcases.Analog" tests="1" failures="0" timestamp="19 Mar 2020 16:23:49 GMT" time="47.554" errors="0">
  <testcase name="analog" time="47.554" classname="testcases.Analog"/>
</testsuite> <!-- testcases.Analog -->
