<?xml version="1.0" encoding="UTF-8"?>
<!-- Generated by org.testng.reporters.JUnitReportReporter -->
<testsuite skipped="0" hostname="DOC-W-SHREYAS" name="testcases.Monsanto" tests="1" failures="0" timestamp="26 Mar 2020 07:08:45 GMT" time="80.730" errors="0">
  <testcase name="realPage" time="80.730" classname="testcases.Monsanto"/>
</testsuite> <!-- testcases.Monsanto -->
