<?xml version="1.0" encoding="UTF-8"?>
<!-- Generated by org.testng.reporters.JUnitReportReporter -->
<testsuite skipped="0" hostname="DOC-W-SHREYAS" name="testcases.Transafe" tests="1" failures="0" timestamp="25 Mar 2020 17:43:47 GMT" time="47.789" errors="0">
  <testcase name="transafe" time="47.789" classname="testcases.Transafe"/>
</testsuite> <!-- testcases.Transafe -->
